2019-06-09
    -- begin new project: RSS_reader
    -- new files:
        -- scratch.py
        -- RSS_reader.py

2019-06-10
    -- set up remote repository with three branches
    -- modify .gitignore appropriately
    -- establish initial functions, subject to massive change
        about()
            Information about the author and product.

        find_all_changes(myFeeds)
            Go through the RSS feeds in {myFeeds} and return a list of feeds that have changed since last access. Also return lists of changed sites, as well as lists of sites by status code.

        fold(txt)
            Utility function that textwraps 'txt' 45 characters wide.

        get_latest_feed(rss)
            Utility function to print information about a news feed. Used only by the developer.

        get_revision_number()
            Manually run this function to get a revision number by uncommenting
        the first line of code under "if __name__ == '__main__':"

        get_url_status(url)
            Get the status code for a URL.

        import_OPML()
            Parse an OPML file and put group names, RSS titles, and RSS addresses in {myFeeds} in the form {'Group name': [[title1, RSS1], [title2, RSS2]]}. If no filename is entered, process is aborted. If FileNotFoundError is generated, notify user and <continue>. With confirmation, this file
        is overwritten each time an OPML file is read.

            Output: {myFeeds} is written to myFeeds.json.

        inquire_feed(rss)
            Access a feed and return its status code.

        last_ten(rss)
            Return the titles of the latest ten pages for a website as a list of titles.

        pick_website()
            From a list of feeds, pick one and return the RSS address.

        print_all_functions()
            Print all the functions, with their docStrings, used in this program. This function is not used, except by the developer.

        retrieve_myFeeds()
            Read myFeeds.json and return a dictionary of the RSS feeds. Each key is a group and each value is a list of RSS feeds in that group. Each feed in 'value' contains two elements: title and RSS address.

        show_lastest_rss(rss)
            Show an RSS website in a browser window.
            
    -- import data from OPML file
    -- create myFeeds dictionary holding RSS data
    -- update myFeeds to include URL and a boolean for "marked" or "unmarked"
    -- print out myFeeds in a formatted list
    -- check a website for changes, returning status codes and sorting sites into "buckets" (lists) for status codes 200, 301, 302, 303, 304, 403, and 410